Arguments: 
  /Users/kimhyeongjoong/.nvm/versions/node/v14.17.6/bin/node /Users/kimhyeongjoong/.yarn/bin/yarn.js add create-reaact-app

PATH: 
  /Users/kimhyeongjoong/.nvm/versions/node/v14.17.6/bin:/Users/kimhyeongjoong/.yarn/bin:/Users/kimhyeongjoong/.config/yarn/global/node_modules/.bin:/Users/kimhyeongjoong/.rbenv/shims:/Users/kimhyeongjoong/.rbenv/bin:/Library/Frameworks/Python.framework/Versions/3.8/bin:/Library/Frameworks/Python.framework/Versions/3.10/bin:/usr/local/bin:/usr/bin:/bin:/usr/sbin:/sbin:/Users/kimhyeongjoong/.yarn/bin:/Users/kimhyeongjoong/.config/yarn/global/node_modules/.bin:/Users/kimhyeongjoong/.rbenv/shims:/Users/kimhyeongjoong/.rbenv/bin:/Library/Frameworks/Python.framework/Versions/3.8/bin:/Library/Frameworks/Python.framework/Versions/3.10/bin

Yarn version: 
  1.22.5

Node version: 
  14.17.6

Platform: 
  darwin x64

Trace: 
  Error: https://registry.yarnpkg.com/create-reaact-app: Not found
      at Request.params.callback [as _callback] (/Users/kimhyeongjoong/.yarn/lib/cli.js:66988:18)
      at Request.self.callback (/Users/kimhyeongjoong/.yarn/lib/cli.js:140749:22)
      at Request.emit (events.js:400:28)
      at Request.<anonymous> (/Users/kimhyeongjoong/.yarn/lib/cli.js:141721:10)
      at Request.emit (events.js:400:28)
      at IncomingMessage.<anonymous> (/Users/kimhyeongjoong/.yarn/lib/cli.js:141643:12)
      at Object.onceWrapper (events.js:519:28)
      at IncomingMessage.emit (events.js:412:35)
      at endReadableNT (internal/streams/readable.js:1317:12)
      at processTicksAndRejections (internal/process/task_queues.js:82:21)

npm manifest: 
  No manifest

yarn manifest: 
  No manifest

Lockfile: 
  No lockfile
